# JRE version: OpenJDK Runtime Environment (21.0.6) (build 21.0.6+-13368085-b895.109)
# Java VM: OpenJDK 64-Bit Server VM (21.0.6+-13368085-b895.109, mixed mode, tiered, compressed oops, compressed class ptrs, g1 gc, windows-amd64)
GC Precious Log:
 CardTable entry size: 512
 Card Set container configuration: InlinePtr #cards 4 size 8 Array Of Cards #cards 16 size 48 Howl #buckets 8 coarsen threshold 3686 Howl Bitmap #cards 512 size 80 coarsen threshold 460 Card regions per heap region 1 cards per card region 4096
 CPUs: 8 total, 8 available
 Memory: 7455M
 Large Page Support: Disabled
 NUMA Support: Disabled
 Compressed Oops: Enabled (Zero based)
 Heap Region Size: 2M
 Heap Min Capacity: 8M
 Heap Initial Capacity: 118M
 Heap Max Capacity: 3G
 Pre-touch: Disabled
 Parallel Workers: 8
 Concurrent Workers: 2
 Concurrent Refinement Workers: 8
 Periodic GC: Disabled
Heap:
 garbage-first heap   total 337920K, used 246724K [0x0000000740000000, 0x0000000800000000)
  region size 2048K, 32 young (65536K), 6 survivors (12288K)
 Metaspace       used 125354K, committed 127680K, reserved 983040K
  class space    used 16297K, committed 17472K, reserved 851968K
GC Heap History (20 events):
Event: 31.772 GC heap before
{Heap before GC invocations=56 (full 0):
 garbage-first heap   total 235520K, used 189410K [0x0000000740000000, 0x0000000800000000)
  region size 2048K, 29 young (59392K), 4 survivors (8192K)
 Metaspace       used 110191K, committed 112384K, reserved 983040K
  class space    used 14691K, committed 15808K, reserved 851968K
}
Event: 31.779 GC heap after
{Heap after GC invocations=57 (full 0):
 garbage-first heap   total 235520K, used 142563K [0x0000000740000000, 0x0000000800000000)
  region size 2048K, 3 young (6144K), 3 survivors (6144K)
 Metaspace       used 110191K, committed 112384K, reserved 983040K
  class space    used 14691K, committed 15808K, reserved 851968K
}
Event: 33.206 GC heap before
{Heap before GC invocations=57 (full 0):
 garbage-first heap   total 235520K, used 208099K [0x0000000740000000, 0x0000000800000000)
  region size 2048K, 36 young (73728K), 3 survivors (6144K)
 Metaspace       used 110757K, committed 112960K, reserved 983040K
  class space    used 14747K, committed 15808K, reserved 851968K
}
Event: 33.216 GC heap after
{Heap after GC invocations=58 (full 0):
 garbage-first heap   total 235520K, used 145480K [0x0000000740000000, 0x0000000800000000)
  region size 2048K, 5 young (10240K), 5 survivors (10240K)
 Metaspace       used 110757K, committed 112960K, reserved 983040K
  class space    used 14747K, committed 15808K, reserved 851968K
}
Event: 35.427 GC heap before
{Heap before GC invocations=58 (full 0):
 garbage-first heap   total 235520K, used 206920K [0x0000000740000000, 0x0000000800000000)
  region size 2048K, 36 young (73728K), 5 survivors (10240K)
 Metaspace       used 112698K, committed 114944K, reserved 983040K
  class space    used 14951K, committed 16064K, reserved 851968K
}
Event: 35.434 GC heap after
{Heap after GC invocations=59 (full 0):
 garbage-first heap   total 235520K, used 148358K [0x0000000740000000, 0x0000000800000000)
  region size 2048K, 3 young (6144K), 3 survivors (6144K)
 Metaspace       used 112698K, committed 114944K, reserved 983040K
  class space    used 14951K, committed 16064K, reserved 851968K
}
Event: 36.873 GC heap before
{Heap before GC invocations=60 (full 0):
 garbage-first heap   total 249856K, used 217990K [0x0000000740000000, 0x0000000800000000)
  region size 2048K, 35 young (71680K), 3 survivors (6144K)
 Metaspace       used 112961K, committed 115200K, reserved 983040K
  class space    used 14953K, committed 16064K, reserved 851968K
}
Event: 36.887 GC heap after
{Heap after GC invocations=61 (full 0):
 garbage-first heap   total 251904K, used 175245K [0x0000000740000000, 0x0000000800000000)
  region size 2048K, 5 young (10240K), 5 survivors (10240K)
 Metaspace       used 112961K, committed 115200K, reserved 983040K
  class space    used 14953K, committed 16064K, reserved 851968K
}
Event: 38.290 GC heap before
{Heap before GC invocations=61 (full 0):
 garbage-first heap   total 251904K, used 224397K [0x0000000740000000, 0x0000000800000000)
  region size 2048K, 27 young (55296K), 5 survivors (10240K)
 Metaspace       used 114051K, committed 116352K, reserved 983040K
  class space    used 15076K, committed 16192K, reserved 851968K
}
Event: 38.302 GC heap after
{Heap after GC invocations=62 (full 0):
 garbage-first heap   total 251904K, used 180224K [0x0000000740000000, 0x0000000800000000)
  region size 2048K, 3 young (6144K), 3 survivors (6144K)
 Metaspace       used 114051K, committed 116352K, reserved 983040K
  class space    used 15076K, committed 16192K, reserved 851968K
}
Event: 38.767 GC heap before
{Heap before GC invocations=62 (full 0):
 garbage-first heap   total 251904K, used 200704K [0x0000000740000000, 0x0000000800000000)
  region size 2048K, 14 young (28672K), 3 survivors (6144K)
 Metaspace       used 114119K, committed 116352K, reserved 983040K
  class space    used 15083K, committed 16192K, reserved 851968K
}
Event: 38.774 GC heap after
{Heap after GC invocations=63 (full 0):
 garbage-first heap   total 251904K, used 187424K [0x0000000740000000, 0x0000000800000000)
  region size 2048K, 3 young (6144K), 3 survivors (6144K)
 Metaspace       used 114119K, committed 116352K, reserved 983040K
  class space    used 15083K, committed 16192K, reserved 851968K
}
Event: 39.218 GC heap before
{Heap before GC invocations=64 (full 0):
 garbage-first heap   total 337920K, used 236576K [0x0000000740000000, 0x0000000800000000)
  region size 2048K, 21 young (43008K), 3 survivors (6144K)
 Metaspace       used 115043K, committed 117376K, reserved 983040K
  class space    used 15166K, committed 16320K, reserved 851968K
}
Event: 39.226 GC heap after
{Heap after GC invocations=65 (full 0):
 garbage-first heap   total 337920K, used 193712K [0x0000000740000000, 0x0000000800000000)
  region size 2048K, 3 young (6144K), 3 survivors (6144K)
 Metaspace       used 115043K, committed 117376K, reserved 983040K
  class space    used 15166K, committed 16320K, reserved 851968K
}
Event: 39.927 GC heap before
{Heap before GC invocations=65 (full 0):
 garbage-first heap   total 337920K, used 294064K [0x0000000740000000, 0x0000000800000000)
  region size 2048K, 53 young (108544K), 3 survivors (6144K)
 Metaspace       used 118258K, committed 120640K, reserved 983040K
  class space    used 15443K, committed 16640K, reserved 851968K
}
Event: 39.937 GC heap after
{Heap after GC invocations=66 (full 0):
 garbage-first heap   total 337920K, used 197498K [0x0000000740000000, 0x0000000800000000)
  region size 2048K, 6 young (12288K), 6 survivors (12288K)
 Metaspace       used 118258K, committed 120640K, reserved 983040K
  class space    used 15443K, committed 16640K, reserved 851968K
}
Event: 41.275 GC heap before
{Heap before GC invocations=66 (full 0):
 garbage-first heap   total 337920K, used 293754K [0x0000000740000000, 0x0000000800000000)
  region size 2048K, 54 young (110592K), 6 survivors (12288K)
 Metaspace       used 120349K, committed 122688K, reserved 983040K
  class space    used 15670K, committed 16832K, reserved 851968K
}
Event: 41.280 GC heap after
{Heap after GC invocations=67 (full 0):
 garbage-first heap   total 337920K, used 191394K [0x0000000740000000, 0x0000000800000000)
  region size 2048K, 3 young (6144K), 3 survivors (6144K)
 Metaspace       used 120349K, committed 122688K, reserved 983040K
  class space    used 15670K, committed 16832K, reserved 851968K
}
Event: 42.799 GC heap before
{Heap before GC invocations=68 (full 0):
 garbage-first heap   total 337920K, used 295842K [0x0000000740000000, 0x0000000800000000)
  region size 2048K, 56 young (114688K), 3 survivors (6144K)
 Metaspace       used 125255K, committed 127616K, reserved 983040K
  class space    used 16286K, committed 17472K, reserved 851968K
}
Event: 42.807 GC heap after
{Heap after GC invocations=69 (full 0):
 garbage-first heap   total 337920K, used 195524K [0x0000000740000000, 0x0000000800000000)
  region size 2048K, 6 young (12288K), 6 survivors (12288K)
 Metaspace       used 125255K, committed 127616K, reserved 983040K
  class space    used 16286K, committed 17472K, reserved 851968K
}

